3.647044 4.256933 -1.56145 16.91011
3.653067 4.234656 -1.601041 16.88302
3.646594 4.235662 -1.565422 17.04356
3.644432 4.23861 -1.549536 17.26572
3.63508 4.24065 -1.617293 16.81906
3.621869 4.249736 -1.769179 13.49175
3.645055 4.249422 -1.441471 17.12815
3.65922 4.246399 -1.714175 17.74204
3.687047 4.238965 -1.722544 13.22423
3.668289 4.243394 -1.553682 17.3966
3.681225 4.256336 -1.428987 16.62193
3.682874 4.264388 -1.302508 15.54804
3.662752 4.251245 -1.184862 15.57837
3.668251 4.242293 -1.612716 17.29529
3.658894 4.258239 -1.338561 16.48594
3.667261 4.25308 -1.652989 17.67262
3.666019 4.239749 -1.578959 17.15098
3.656256 4.26018 -1.365558 16.42397
3.664252 4.249266 -1.756947 17.50551
3.648647 4.251435 -1.719419 17.26615
3.681659 4.246359 -1.462037 16.45638
3.659906 4.23893 -1.540239 17.30478
3.652058 4.23637 -1.394668 16.71082
3.650557 4.24763 -1.272368 16.29458
3.655767 4.248343 -1.483507 17.62938
3.683901 4.267539 -1.539105 15.65659
3.642502 4.249867 -1.197442 15.42858
3.657267 4.256844 -1.276972 16.13366
3.669425 4.265624 -1.514645 16.38214
3.683037 4.249427 -1.49337 16.57456
3.663946 4.257317 -1.891902 15.66407
3.630763 4.24471 -1.657991 16.26492
3.639828 4.240313 -1.635924 17.11055
3.668195 4.25345 -1.675107 17.58315
3.650248 4.251509 -1.566201 17.58641
3.658935 4.232833 -1.471342 16.38882
3.650768 4.251835 -1.58736 17.60361
3.661952 4.250614 -1.606277 17.87374
3.669383 4.254719 -1.501554 17.432
3.656741 4.254508 -1.526962 17.52924
3.647406 4.252524 -1.626451 17.35831
3.657367 4.236592 -1.585741 17.10006
3.638795 4.235736 -1.532012 16.79953
3.666946 4.247336 -1.829963 16.81658
3.666946 4.247336 -1.829963 16.81658
3.674904 4.258126 -1.7806 16.33617
3.655666 4.257769 -1.770355 16.56854
3.666617 4.255869 -1.811189 16.71586
3.666617 4.255869 -1.811189 16.71586
3.672002 4.260754 -1.656247 16.85261
3.662355 4.241411 -1.730811 17.19586
3.654342 4.255859 -1.821827 16.38053
3.6433 4.252621 -1.780324 16.29158
3.64644 4.256754 -1.524326 16.87773
3.64644 4.256754 -1.524326 16.87773
3.680256 4.258306 -1.311299 16.03568
3.658634 4.256451 -1.790054 16.76078
3.678517 4.254965 -1.444844 16.86796
3.642725 4.239126 -1.366265 16.62497
3.652239 4.242465 -1.443021 17.33396
3.651649 4.254138 -1.811972 16.55777
3.681767 4.240958 -1.310807 15.41366
3.684878 4.244587 -1.542693 15.94706
3.664031 4.2431 -1.511744 17.48754
3.658326 4.226672 -1.357453 15.07525
3.660322 4.242081 -1.604637 17.64602
3.65715 4.23023 -1.332505 15.61062
3.635789 4.228961 -1.355806 15.58088
3.671696 4.223514 -0.9191264 11.244
3.639199 4.239347 -1.537011 17.07759
3.665971 4.245458 -1.757279 17.27947
3.638164 4.244798 -1.570476 17.13951
3.647818 4.249633 -1.722495 17.33109
3.636755 4.237313 -1.584237 16.81088
3.639745 4.245935 -1.50203 17.14711
3.640442 4.218355 -1.472885 13.65319
3.627777 4.224634 -1.508794 14.74363
3.618328 4.230032 -1.440458 14.92045
3.638167 4.224882 -1.74176 13.55057
3.627207 4.23113 -1.488954 15.68359
3.639015 4.247144 -1.330759 16.34959
3.63074 4.256954 -1.262279 14.93849
3.637134 4.260399 -1.605145 15.39677
3.670821 4.268948 -1.73776 14.67016
3.676291 4.252653 -1.453637 17.0493
3.668601 4.245786 -1.412077 17.08466
3.677322 4.246832 -1.567305 17.00692
3.676667 4.24561 -1.662256 16.79447
3.655803 4.254273 -1.831805 16.60049
3.644165 4.25023 -1.49263 17.22384
3.647429 4.243407 -1.622702 17.63629
3.629636 4.249626 -1.478096 16.16843
3.667434 4.256704 -1.622858 17.46955
3.665395 4.258905 -1.75263 16.75761
3.65444 4.251316 -1.801445 17.10597
3.647834 4.233863 -1.882121 14.61256
3.649903 4.257576 -1.786029 16.07052
3.666255 4.26355 -1.758777 15.8284
3.665022 4.253902 -1.915483 15.82123
3.665022 4.253902 -1.915483 15.82123
3.651515 4.254615 -1.710616 17.15317
3.661904 4.24088 -1.757987 16.9933
3.635538 4.234756 -1.358665 16.10893
3.661684 4.252866 -1.691045 17.68421
3.657855 4.248889 -1.861305 16.80407
3.65378 4.249394 -1.944669 15.63381
3.662254 4.244191 -1.769595 17.28787
3.681133 4.24207 -1.725556 15.22758
3.654983 4.256888 -1.872837 15.67125
3.636107 4.248897 -1.781093 15.84131
3.658359 4.252678 -1.719854 17.57284
3.663293 4.247868 -1.715397 17.69852
3.641413 4.256126 -1.376142 16.22953
3.642372 4.245836 -1.624142 17.38609
3.623315 4.231766 -1.530178 15.40101
3.626399 4.247147 -1.621441 15.76924
3.64233 4.239766 -1.437278 16.97929
3.66956 4.239129 -1.476181 16.73949
3.647411 4.268606 -1.229935 14.44616
3.705441 4.267412 -1.359586 13.83544
3.692479 4.248619 -1.152609 14.12827
3.616884 4.263913 -1.373504 13.15636
3.6669 4.273115 -1.47925 15.01571
3.694496 4.261268 -1.400696 15.33994
3.693534 4.269357 -1.577942 14.45693
3.675118 4.259315 -1.794892 16.04724
3.664353 4.253434 -1.420487 17.24143
3.664353 4.253434 -1.420487 17.24143
3.6581 4.236549 -1.734652 16.57371
3.64773 4.246271 -1.619868 17.68031
3.66805 4.243649 -1.638273 17.41503
3.666951 4.256449 -1.46544 17.26717
3.668482 4.250292 -1.348375 16.81054
3.699761 4.250213 -1.378851 14.45314
3.640684 4.266141 -1.198481 14.23722
3.62919 4.270253 -1.15791 12.90604
3.662718 4.261544 -0.9628415 12.97622
3.649949 4.272974 -0.9944277 12.35474
3.64511 4.276171 -1.460628 13.22576
3.668379 4.272565 -1.250754 14.62016
3.676916 4.251102 -1.283059 16.08435
3.649469 4.243025 -1.416091 17.18475
3.684758 4.26244 -1.370821 15.91729
3.65855 4.256493 -1.294031 16.29578
3.67377 4.247986 -1.459168 17.13211
3.665473 4.257166 -1.55203 17.441
3.660478 4.250712 -1.509193 17.70465
3.649019 4.246617 -1.319529 16.62276
3.663194 4.253577 -1.390001 17.07918
3.657763 4.26127 -1.561781 16.85477
3.641371 4.265402 -1.243884 14.61583
3.661366 4.250961 -1.413927 17.29169
3.680051 4.246582 -1.64498 16.55295
3.648055 4.255798 -1.767252 16.38628
3.661972 4.26249 -1.75406 16.02026
3.652803 4.241504 -1.561044 17.64176
3.645613 4.247344 -1.651082 17.51621
3.645361 4.2492 -1.536195 17.43176
3.694952 4.248116 -1.581047 14.62109
3.654299 4.244036 -1.673313 17.76126
3.64574 4.245441 -1.780014 17.00851
3.664708 4.239148 -1.593462 17.14099
3.657681 4.243739 -1.493152 17.59432
3.671123 4.240226 -1.699651 16.47828
3.663849 4.253112 -1.497812 17.57833
3.648938 4.241904 -1.386622 16.98474
3.658759 4.248161 -1.895756 16.44389
3.670378 4.241323 -1.786393 16.14855
3.670071 4.244401 -1.545984 17.36415
3.653397 4.249173 -1.538888 17.74313
3.656711 4.247801 -1.563375 17.86284
3.673315 4.249445 -1.399557 16.93546
3.671332 4.270334 -0.7584896 10.22632
3.649303 4.279735 -1.06364 12.164
3.668657 4.275193 -1.429609 14.66303
3.668657 4.275193 -1.429609 14.66303
3.652693 4.262732 -1.343484 15.94101
3.645773 4.259646 -1.516078 16.46097
3.65543 4.255 -1.413284 17.0578
3.638934 4.246876 -1.3686 16.56877
3.642702 4.25203 -1.50696 17.06026
3.646266 4.254687 -1.546199 17.10648
3.595875 4.24925 -1.563158 10.96563
3.597031 4.253881 -1.515418 11.08401
3.592076 4.24256 -1.558374 10.90606
3.593618 4.247859 -1.382426 12.13869
3.587788 4.250479 -1.483087 10.21683
3.595309 4.249581 -1.038684 11.6456
3.604037 4.255136 -1.224176 12.80713
3.627892 4.230404 -1.361907 15.44935
3.609397 4.235704 -1.529274 14.10978
3.681173 4.229662 -1.385029 13.8015
3.673384 4.246344 -1.247148 15.8542
3.682817 4.246149 -1.488589 16.36624
3.635907 4.238434 -1.535254 16.84212
3.658402 4.229236 -1.492718 15.75629
3.653691 4.230736 -1.206374 14.98596
3.661443 4.242067 -1.161908 15.26475
3.692873 4.260277 -1.248254 14.89735
3.678744 4.248185 -1.456716 16.80404
3.668936 4.246807 -1.550742 17.57659
3.665807 4.259967 -1.674382 16.99252
3.658086 4.247679 -1.828227 17.11647
3.675685 4.24978 -1.672893 17.15008
3.650747 4.243024 -1.714531 17.52974
3.644889 4.246456 -1.584107 17.54088
3.667835 4.245256 -1.640257 17.55846
3.662824 4.2466 -1.629368 17.84267
3.655163 4.245681 -1.576546 17.85212
3.654897 4.244373 -1.567806 17.80349
3.654897 4.244373 -1.567806 17.80349
3.647084 4.247846 -1.685829 17.50534
3.651011 4.251175 -1.642153 17.63409
3.648259 4.246125 -1.687693 17.59576
3.644706 4.244247 -1.551506 17.51025
3.659782 4.24509 -1.515506 17.69838
3.671253 4.254936 -1.305714 16.39255
3.670047 4.26674 -1.433147 16.10951
3.663336 4.261663 -1.476383 16.8312
3.664378 4.266793 -1.469364 16.12601
3.684475 4.270765 -1.469025 15.22731
3.679714 4.261625 -1.791208 15.3821
3.684766 4.26739 -1.523194 15.65304
3.662088 4.25566 -1.580024 17.59237
3.679534 4.253814 -1.684822 16.78594
3.664039 4.261722 -1.656077 16.77005
3.643968 4.246305 -1.826785 16.47019
3.643968 4.246305 -1.826785 16.47019
3.676597 4.246732 -1.634112 16.98874
3.66669 4.25837 -1.497917 17.22929
3.65642 4.263026 -1.587588 16.49124
3.665529 4.259077 -1.627241 17.23321
3.666582 4.244293 -1.451877 17.2689
3.666582 4.244293 -1.451877 17.2689
3.666582 4.244293 -1.451877 17.2689
3.666481 4.244585 -1.475436 17.37849
3.639994 4.243544 -1.226358 15.67196
3.657674 4.249288 -1.46985 17.58042
3.651739 4.25382 -1.609912 17.49151
3.671379 4.248244 -1.792698 16.82869
3.682507 4.251188 -1.755118 15.92966
3.67497 4.246612 -1.754092 16.61262
3.680538 4.242701 -1.581105 16.19542
3.646648 4.243547 -1.733386 17.30984
3.646648 4.243547 -1.733386 17.30984
3.634802 4.242112 -1.610602 16.84133
3.634802 4.242112 -1.610602 16.84133
3.662682 4.235404 -1.731016 16.06081
3.671075 4.25094 -1.307869 16.46786
3.644921 4.23723 -1.386137 16.67779
3.651815 4.227759 -1.159249 14.34924
3.647559 4.233677 -1.438151 16.60905
3.656114 4.23715 -1.31709 16.30416
3.6592 4.244189 -1.212792 15.81396
3.652875 4.242012 -1.446911 17.33715
3.664761 4.261128 -1.527488 16.99916
3.639613 4.248854 -1.47183 16.96855
3.652652 4.23304 -1.470315 16.5899
3.657366 4.257302 -1.395079 16.84591
3.673703 4.239081 -1.529519 16.46611
3.692906 4.245808 -1.489838 15.00149
3.688409 4.241585 -1.585987 14.77236
3.666774 4.247324 -1.814877 16.95585
3.62751 4.246923 -1.503929 16.14221
3.655123 4.265441 -1.487291 16.07729
3.659063 4.245022 -1.284069 16.42548
3.645236 4.241931 -1.22141 15.74713
3.667456 4.254822 -0.9997235 13.59248
3.637225 4.232489 -1.188789 14.92866
3.628147 4.249264 -1.262207 15.26311
3.628147 4.249264 -1.262207 15.26311
3.667668 4.23399 -1.066757 13.75217
3.622952 4.231732 -1.244934 14.76563
3.687534 4.255015 -1.572176 16.23296
3.676497 4.252138 -1.458132 17.05427
3.654415 4.258886 -1.442899 16.83294
3.668725 4.247076 -1.752834 17.23803
3.667129 4.252664 -1.707894 17.55552
3.672645 4.250738 -1.58973 17.51645
3.672002 4.25117 -1.648441 17.51154
3.677888 4.24642 -1.510113 16.88867
3.664824 4.245218 -1.337484 16.73881
3.6669 4.241869 -1.1472 15.01743
3.673141 4.245776 -1.772414 16.6037
3.664779 4.251037 -1.88822 16.37131
3.664055 4.249567 -1.958271 15.4764
3.660671 4.251604 -1.783164 17.34395
3.675323 4.254163 -1.512039 17.24812
3.661573 4.238373 -1.51655 17.14676
3.644787 4.252798 -1.495109 17.10265
3.624498 4.249774 -1.330543 15.33577
3.65501 4.251191 -1.45155 17.42073
3.665486 4.247789 -1.453327 17.43577
3.636283 4.248646 -1.487 16.78948
3.622913 4.254112 -1.477661 15.06561
3.643901 4.248515 -1.745426 16.98825
3.666689 4.241975 -1.450115 17.10216
3.669735 4.245854 -1.572016 17.50907
3.67133 4.249245 -1.518351 17.47336
3.660777 4.233987 -1.502717 16.54045
3.650183 4.232988 -1.512876 16.67489
3.622552 4.24466 -1.319117 15.34753
3.618749 4.242684 -1.40429 15.34292
3.637459 4.220665 -1.14465 13.49115
3.637459 4.220665 -1.14465 13.49115
3.594344 4.215348 -1.387507 10.92534
3.65272 4.239616 -1.417031 17.06793
3.650766 4.253509 -1.548672 17.44862
3.632984 4.241779 -0.937533 12.63443
3.623545 4.234447 -1.046321 13.38477
3.622765 4.23006 -1.322202 15.01036
3.647269 4.219087 -1.434888 13.81727
3.644695 4.235817 -1.36002 16.4394
3.658881 4.249172 -1.576163 17.88247
3.64255 4.25685 -1.314729 15.91541
3.679971 4.250475 -1.659767 16.78583
3.669238 4.249073 -1.641415 17.65441
3.668285 4.248047 -1.6301 17.68702
3.661915 4.248703 -1.718713 17.72633
3.670727 4.250156 -1.744315 17.25589
3.64336 4.239147 -1.519251 17.22327
3.675435 4.258173 -1.289083 16.06185
3.667756 4.257196 -1.535586 17.39256
3.665941 4.245101 -1.781244 17.1026
3.64143 4.252544 -1.263888 15.81061
3.655873 4.252722 -1.43424 17.29395
3.654252 4.229529 -1.793286 14.29049
3.658736 4.248841 -1.760359 17.56696
3.658736 4.248841 -1.760359 17.56696
3.65211 4.234616 -1.889184 14.69782
3.667283 4.25843 -1.581999 17.32938
3.69144 4.27545 -1.025282 12.51776
3.651271 4.253337 -1.303589 16.38864
3.661184 4.244679 -1.847287 16.76671
3.64235 4.252263 -1.82382 15.81773
3.66239 4.242724 -1.891949 15.99326
3.655503 4.247986 -1.589691 17.88335
3.644966 4.245597 -1.371168 16.84943
3.642743 4.251972 -1.412035 16.76627
3.656887 4.254212 -1.279011 16.27534
3.668501 4.252507 -1.560926 17.65933
3.631787 4.247686 -1.519672 16.51071
3.630563 4.247768 -1.685643 15.93103
3.669112 4.254212 -1.42102 17.14788
3.648873 4.252161 -1.432062 17.11803
3.646495 4.260022 -1.316652 15.83099
3.674277 4.250476 -1.425353 17.02924
3.659252 4.25087 -1.481446 17.60236
3.659252 4.25087 -1.481446 17.60236
3.652933 4.244756 -1.595903 17.82168
3.643904 4.25165 -1.663439 17.10887
3.644886 4.254068 -1.754864 16.45162
3.660273 4.264569 -1.490971 16.40557
3.676614 4.265127 -1.599297 16.23292
3.640604 4.244461 -1.781715 16.57482
3.643007 4.243295 -1.764893 16.89047
3.651222 4.23507 -1.673514 16.77832
3.6433 4.250485 -1.618304 17.25332
3.66181 4.246234 -1.632284 17.85239
3.661078 4.239141 -1.558483 17.30841
3.65773 4.229426 -1.201642 14.72643
3.656656 4.224537 -1.396946 14.79239
3.647241 4.226305 -1.508123 15.47521
3.661917 4.241914 -1.590722 17.58216
3.667286 4.252793 -1.676687 17.6374
3.663729 4.243506 -1.508359 17.51511
3.649018 4.246491 -1.519596 17.61557
3.641824 4.234938 -1.5921 16.8169
3.639765 4.242761 -1.63172 17.19674
3.647704 4.245749 -1.555795 17.64692
3.652917 4.243328 -1.671542 17.71454
3.652558 4.239962 -1.675724 17.44492
3.648582 4.238025 -1.522214 17.27467
3.653878 4.25754 -1.670182 17.04841
3.653878 4.25754 -1.670182 17.04841
3.661879 4.254958 -1.503416 17.50446
3.64912 4.243925 -1.616615 17.71234
3.653133 4.250773 -1.785797 17.20029
3.673827 4.249372 -1.619244 17.40068
3.663645 4.256769 -1.631802 17.48265
3.664519 4.254322 -1.780697 17.14062
3.664519 4.254322 -1.780697 17.14062
3.680344 4.266396 -1.593361 15.88678
3.681363 4.279347 -1.569714 13.09531
3.684259 4.289565 -1.339366 11.71812
3.657465 4.265653 -1.464557 16.11546
3.67218 4.259611 -1.715018 16.74361
3.657434 4.25382 -1.882498 16.19032
3.663206 4.257591 -1.701739 17.20509
3.662011 4.254502 -1.457185 17.36882
3.663579 4.249418 -1.77284 17.43658
3.659547 4.254247 -1.613024 17.68666
3.659181 4.244827 -1.701046 17.7201
3.659654 4.245009 -1.870326 16.60517
3.650436 4.244492 -1.796739 17.13389
3.644567 4.252559 -1.060599 14.1121
3.647416 4.270006 -1.112866 13.52761
3.666241 4.238301 -1.667486 16.73623
3.628752 4.225729 -1.224048 14.40896
3.634841 4.238257 -1.370492 16.31882
3.621913 4.232281 -1.504599 15.37199
3.634656 4.248318 -1.281394 15.79013
3.67425 4.238477 -1.523211 16.31983
3.640687 4.244854 -1.496755 17.20216
3.630471 4.236764 -1.460673 16.31677
3.645603 4.23341 -1.510576 16.71751
3.633054 4.225998 -1.549218 15.13286
3.648772 4.222935 -1.497827 14.646
3.650514 4.247012 -1.852372 16.68722
3.655375 4.244239 -1.937583 15.74171
3.655375 4.244239 -1.937583 15.74171
3.649646 4.240005 -1.58933 17.52254
3.660743 4.239141 -1.727401 16.96232
3.63755 4.238173 -1.591928 16.91247
3.647802 4.241581 -1.453369 17.27401
3.641253 4.224371 -1.322638 14.91432
3.628038 4.228177 -1.335799 15.15097
3.603995 4.232147 -1.224776 13.47171
3.636108 4.259012 -1.09385 13.85255
3.636942 4.240492 -1.001647 13.42269
3.617582 4.262098 -1.260449 13.41508
3.633584 4.265739 -1.61994 13.66728
3.640182 4.255302 -1.042223 13.70644
3.711996 4.26113 -0.8897504 10.84778
3.751881 4.272847 -0.8709264 7.171363
3.730969 4.277189 -0.9842362 9.809372
3.734708 4.292211 -0.9754659 8.57811
3.719651 4.29571 -1.029244 9.408925
3.719668 4.265678 -1.299645 11.95215
3.686841 4.246604 -1.876454 12.92259
3.701343 4.264914 -1.34033 14.39233
3.701343 4.264914 -1.34033 14.39233
3.708482 4.274629 -1.226907 12.83651
3.697142 4.270093 -1.356308 14.43664
3.681315 4.259355 -1.530576 16.6887
3.685846 4.244056 -1.577672 15.65564
3.626081 4.243356 -1.789599 14.57823
3.654781 4.22555 -1.586379 14.77478
3.655041 4.243012 -1.273288 16.30063
3.634856 4.246424 -1.492329 16.78488
3.653836 4.244755 -1.741451 17.56151
3.661818 4.249052 -1.487768 17.64694
3.634903 4.229451 -1.547272 15.8363
3.634903 4.229451 -1.547272 15.8363
3.654206 4.233004 -1.35556 16.14975
3.661521 4.256049 -1.239071 15.91918
3.684322 4.260101 -1.527396 16.42156
3.673962 4.258891 -1.497153 17.04133
3.651477 4.237732 -1.613678 17.31061
3.651477 4.237732 -1.613678 17.31061
3.643973 4.246889 -1.527162 17.41714
3.643902 4.240486 -1.476026 17.20259
3.654758 4.245407 -1.588046 17.85508
3.650409 4.238388 -1.707051 17.13877
3.673708 4.246275 -1.486421 17.14175
3.675273 4.259595 -1.440292 16.78582
3.669402 4.245419 -1.410525 17.02896
3.695042 4.248854 -1.449938 15.0413
3.674625 4.249228 -1.545664 17.33151
3.672319 4.24746 -1.572629 17.43809
3.671082 4.259398 -1.600355 17.15431
3.660002 4.233434 -1.531184 16.49633
3.640429 4.246408 -1.676644 17.10717
3.645792 4.248836 -1.460944 17.258
3.654298 4.233906 -1.433585 16.58014
3.638861 4.237105 -1.363274 16.39172
3.631779 4.237502 -1.519344 16.51234
3.638396 4.238696 -1.436287 16.774
3.631159 4.244925 -1.417773 16.36052
3.656075 4.248934 -1.3454 16.89073
3.670176 4.267432 -1.520428 16.0899
3.67892 4.249749 -1.745417 16.42964
3.681803 4.265184 -1.45514 16.072
3.661051 4.24322 -1.4029 17.12997
3.623444 4.241439 -1.47045 15.88123
3.610249 4.229456 -1.520441 13.86346
3.623928 4.23037 -1.721347 14.0844
3.625927 4.249874 -1.19121 14.63294
3.654292 4.239574 -1.330204 16.56826
3.668628 4.255786 -1.426945 17.12117
3.671259 4.251094 -1.639586 17.56809
3.659121 4.261541 -1.589783 16.83819
3.641303 4.24575 -1.48681 17.20008
3.655669 4.246006 -1.457252 17.51611
3.648991 4.257756 -1.401012 16.57137
3.660058 4.252759 -1.629736 17.7851
3.67149 4.253992 -1.565488 17.51343
3.643008 4.252428 -1.80105 16.10097
3.64203 4.233967 -1.542165 16.7346
3.66643 4.23478 -1.391569 16.10251
3.656262 4.247902 -1.576393 17.87816
3.631246 4.251988 -1.60147 16.00417
3.668501 4.242401 -1.602723 17.29892
3.651232 4.251222 -1.697709 17.51525
3.647694 4.247884 -1.788053 17.03418
3.643273 4.245177 -1.525269 17.39988
3.667721 4.260934 -1.610239 17.01276
3.652504 4.258478 -1.730189 16.52753
3.653064 4.232021 -1.223676 15.24732
3.64743 4.249472 -1.371227 16.86533
3.640469 4.251932 -1.55527 16.96309
3.619186 4.242779 -1.513304 15.39963
3.64418 4.242432 -1.580271 17.47694
3.64418 4.242432 -1.580271 17.47694
3.64418 4.242432 -1.580271 17.47694
3.653059 4.239514 -1.456035 17.23039
3.668201 4.243658 -1.464671 17.21169
3.646683 4.248866 -1.618023 17.56289
3.65509 4.245136 -1.401089 17.21773
3.642582 4.252639 -1.451229 16.86414
3.640054 4.248883 -1.35086 16.46749
3.637381 4.253333 -1.565343 16.56809
3.636944 4.238825 -1.453907 16.77018
3.616734 4.244215 -1.236116 14.51899
3.663358 4.249156 -1.31269 16.65158
3.667516 4.261755 -1.508838 16.90405
3.656777 4.269645 -1.152944 14.13647
3.653355 4.24401 -1.747941 17.49036
3.658859 4.248033 -1.739189 17.67261
3.636375 4.243509 -1.737303 16.47226
3.657615 4.242228 -1.698463 17.56762
3.67089 4.254638 -1.729909 17.20689
3.662214 4.277305 -1.287107 13.95814
3.69547 4.262662 -1.262086 14.71885
3.705371 4.244947 -1.187171 12.7731
3.692425 4.256195 -1.385 15.58752
3.675433 4.2564 -1.454086 17.00616
3.65549 4.252976 -1.408703 17.14845
3.681372 4.262248 -1.250409 15.41772
3.698081 4.259934 -1.189862 14.17392
3.671974 4.236444 -1.380139 15.93891
3.681356 4.236883 -1.413699 15.2402
3.657899 4.234804 -1.428 16.59365
3.655814 4.261018 -1.521901 16.80668
3.64934 4.248053 -1.670288 17.65645
3.620032 4.246537 -1.565693 15.2017
3.642798 4.235563 -1.551355 16.94126
3.680803 4.242045 -1.486087 16.14096
3.683162 4.246728 -1.37755 16.08313
3.66635 4.262825 -1.272776 15.76738
3.677256 4.263837 -1.521261 16.47821
3.675982 4.259881 -1.471495 16.83509
3.661341 4.254111 -1.59657 17.71166
3.686388 4.270741 -1.49388 15.10657
3.694683 4.274899 -1.601522 13.14404
3.715503 4.272241 -1.268959 12.33731
3.692978 4.260601 -1.555759 15.47769
3.692978 4.260601 -1.555759 15.47769
3.68686 4.260654 -1.627783 15.94322
3.67503 4.252557 -1.771645 16.74154
3.684528 4.235472 -1.354352 14.54721
3.669978 4.243615 -1.298336 16.24597
3.669443 4.251144 -1.339214 16.72538
3.659855 4.249169 -1.787321 17.40606
3.663839 4.246379 -1.593631 17.80438
3.660344 4.245205 -1.521501 17.71218
3.648611 4.240015 -1.784993 16.83834
3.648611 4.240015 -1.784993 16.83834
3.655859 4.246894 -1.70706 17.76943
3.635795 4.239789 -1.668797 16.68619
3.633806 4.235425 -1.46342 16.43752
3.670165 4.25154 -0.9565926 13.10842
3.675255 4.244256 -1.620905 16.9149
3.65538 4.244426 -1.536679 17.74897
3.669673 4.242556 -1.792742 16.38638
3.660224 4.236746 -1.878252 15.06125
3.645335 4.247759 -1.734006 17.20176
3.645335 4.247759 -1.734006 17.20176
3.67074 4.245343 -1.333118 16.53148
3.67669 4.274658 -1.594584 14.26687
3.661308 4.24907 -1.452847 17.50744
3.655665 4.24185 -1.649971 17.66808
3.660405 4.254949 -1.515498 17.52849
3.652712 4.258242 -1.721769 16.63422
3.675577 4.262889 -1.537152 16.6531
3.653602 4.247423 -1.710033 17.71766
3.638126 4.229094 -1.808172 14.00164
3.620056 4.249621 -1.278285 14.77086
3.646606 4.269379 -1.409417 14.87133
3.65202 4.254656 -1.302912 16.33689
3.665827 4.236389 -1.319885 15.98719
3.619108 4.221146 -1.255541 13.68721
3.630451 4.230075 -1.11751 14.04395
3.639781 4.226892 -1.120333 13.99209
3.638861 4.242465 -1.570359 17.18232
3.65798 4.243961 -1.733432 17.56594
3.636674 4.245787 -1.705094 16.65234
3.640189 4.241491 -1.904272 15.09138
3.647104 4.240395 -1.684476 17.35098
3.660507 4.261084 -1.438624 16.74299
3.670479 4.263413 -1.219699 15.33083
3.670479 4.263413 -1.219699 15.33083
3.676128 4.272734 -1.576255 14.84738
3.671694 4.263922 -1.373854 16.22491
3.660228 4.270298 -1.388855 15.32209
3.664373 4.249076 -1.45288 17.47034
3.634511 4.240817 -1.361427 16.32809
3.65502 4.232944 -1.583882 16.56288
3.671482 4.244679 -1.642918 17.25509
3.664763 4.259921 -1.821221 16.00318
3.644673 4.260727 -1.610896 16.06669
3.658016 4.252095 -1.412776 17.2421
3.651959 4.248584 -1.48084 17.54838
3.645078 4.251513 -1.74951 16.8225
3.676774 4.262271 -1.505975 16.65906
3.663569 4.251563 -1.444778 17.41964
3.629743 4.249005 -1.444813 16.16456
3.633797 4.239186 -1.262359 15.66394
3.679879 4.217111 -1.304265 10.65993
3.659504 4.222241 -1.144154 13.32177
3.672234 4.239114 -1.258609 15.56031
3.637954 4.249327 -1.134055 14.72969
3.659301 4.243694 -1.509811 17.62914
3.674692 4.242252 -1.403901 16.49464
3.688764 4.242405 -1.346423 15.03246
3.648756 4.255246 -1.180198 15.25419
3.667443 4.260973 -1.672404 16.84472
3.676907 4.244376 -1.667658 16.60329
3.660582 4.243039 -1.805241 16.99477
3.66518 4.26665 -1.658712 15.80684
3.682014 4.266579 -1.525285 15.91567
3.653173 4.264118 -1.141537 14.46089
3.691124 4.259412 -1.762561 14.38547
3.673272 4.266786 -1.67598 15.68361
3.682453 4.26559 -1.788467 14.42664
3.675904 4.266902 -1.646038 15.76274
3.652399 4.26023 -1.324188 16.0806
3.669986 4.267707 -1.461678 16.02133
3.655351 4.261073 -1.32274 16.08145
3.665427 4.250681 -1.652721 17.7931
3.666546 4.255459 -1.686841 17.46298
3.679995 4.254508 -1.807242 15.84943
3.62733 4.230326 -1.707743 14.59036
3.599996 4.249697 -1.170578 12.65812
3.605895 4.254298 -1.269806 13.15227
3.660015 4.257856 -1.440038 17.05156
3.662479 4.262741 -1.59327 16.73019
3.670394 4.271348 -1.565592 15.23268
3.678513 4.261439 -1.585212 16.65776
3.637028 4.23758 -1.353467 16.29751
3.641786 4.251085 -1.336353 16.37402
3.640116 4.253837 -1.359475 16.25772
3.652883 4.247114 -1.559108 17.8023
3.661476 4.253985 -1.557588 17.68376
3.672421 4.255771 -1.827133 16.32398
3.661147 4.264077 -1.693108 16.07157
3.675186 4.254142 -1.288294 16.17841
3.632397 4.247596 -1.630798 16.41992
3.632397 4.247596 -1.630798 16.41992
3.646554 4.247109 -1.37847 16.93014
3.641567 4.242277 -1.446428 17.06537
3.654292 4.252893 -1.476481 17.42718
3.66279 4.262031 -1.476765 16.78105
3.65544 4.259912 -1.212498 15.40816
3.640509 4.270177 -1.430377 14.27166
3.648265 4.263035 -1.334215 15.6824
3.656969 4.255617 -1.7158 17.26451
3.628516 4.247791 -1.767249 14.95234
3.623782 4.228883 -1.634093 14.59946
3.622097 4.240519 -1.545741 15.69595
3.617609 4.238997 -1.285921 14.88407
3.636891 4.21514 -1.525169 12.38037
3.669873 4.222558 -1.26063 13.26299
3.603659 4.213146 -1.248747 11.75687
3.619578 4.222918 -1.043603 12.65872
3.682207 4.235789 -1.499017 14.88864
3.697711 4.243743 -1.55021 13.53881
3.700952 4.251016 -1.117359 13.30184
3.665004 4.251698 -1.527908 17.69649
3.681576 4.244833 -1.520258 16.39538
3.638451 4.245325 -1.592798 17.14556
3.659108 4.250962 -1.559553 17.81687
3.631939 4.263775 -1.484952 14.60667
3.640865 4.239764 -1.807254 16.19283
3.642745 4.240909 -1.607752 17.34493
3.669365 4.238523 -1.580185 16.73425
3.669714 4.260184 -1.158078 15.01569
3.650832 4.234686 -1.65857 16.77013
3.667297 4.239916 -1.760803 16.41737
3.665145 4.250249 -1.790907 17.26737
3.670697 4.25346 -1.519295 17.48369
3.66954 4.254685 -1.658239 17.50907
3.659012 4.239824 -1.47558 17.26418
3.645905 4.258 -1.405295 16.41932
3.667734 4.244702 -1.700625 17.36961
3.657107 4.252744 -1.334589 16.73652
3.671488 4.244025 -1.411273 16.85667
3.675564 4.237938 -1.401466 15.93738
3.641149 4.24738 -1.457841 17.06644
3.655371 4.237719 -1.597095 17.29308
3.632103 4.246962 -1.590793 16.52798
3.65395 4.23016 -1.671159 15.64316
3.672379 4.244226 -1.7133 16.87745
3.627847 4.229517 -1.329668 15.24971
3.61878 4.218294 -1.319253 13.38606
3.638411 4.22782 -1.108076 13.95549
3.669095 4.229532 -1.36675 14.98717
3.645033 4.214985 -1.212292 12.82064
3.677857 4.239369 -1.624325 15.84602
3.676103 4.245157 -1.522862 16.95987
3.632197 4.241778 -1.639116 16.52359
3.664517 4.251264 -1.713858 17.65613
3.664517 4.251264 -1.713858 17.65613
3.677064 4.260118 -1.518323 16.8598
3.668155 4.254374 -1.543416 17.57339
3.674902 4.250307 -1.597178 17.36249
3.669145 4.257839 -1.172483 15.25254
3.640031 4.254446 -1.432915 16.50712
3.618705 4.247663 -1.478778 15.16387
3.630804 4.235518 -1.681528 15.85344
3.647473 4.24366 -1.739786 17.32341
3.648852 4.247955 -1.456297 17.37662
3.640999 4.257429 -1.625601 16.23978
3.663625 4.25728 -1.221854 15.72683
3.639939 4.248189 -1.736043 16.69448
3.670875 4.240585 -1.566049 16.9222
3.671464 4.231117 -1.290697 14.83451
3.659043 4.241705 -1.239441 15.963
3.660159 4.245527 -1.568676 17.82535
3.647776 4.246353 -1.738127 17.37614
3.647896 4.252997 -1.434888 17.04274
3.650679 4.253636 -1.669775 17.35976
3.646614 4.261944 -1.449716 16.11707
3.619123 4.240408 -1.661484 14.76151
3.642347 4.242638 -1.620932 17.37433
3.66392 4.242643 -1.495705 17.41464
3.66392 4.242643 -1.495705 17.41464
3.659648 4.253502 -1.722596 17.51759
3.679308 4.258218 -1.539366 16.89253
3.655324 4.252931 -1.464575 17.40394
3.662242 4.259555 -1.377805 16.6481
3.656666 4.274405 -1.328052 14.37341
3.674813 4.261565 -1.668086 16.59668
3.685637 4.262572 -1.472916 16.11794
3.673034 4.266837 -1.520488 16.16638
3.664645 4.261914 -1.398645 16.55063
3.679562 4.2598 -1.524338 16.76293
3.63691 4.255228 -1.381223 16.0517
3.646479 4.273482 -1.510952 13.78557
3.678794 4.268571 -1.444612 15.74929
3.664606 4.252615 -1.767484 17.3458
3.663509 4.265484 -1.405531 16.1525
3.669354 4.245742 -1.412049 17.0531
3.633202 4.244601 -1.678523 16.44846
3.672874 4.262754 -1.357447 16.23919
3.677238 4.258166 -1.277651 15.93035
3.655885 4.252647 -1.404994 17.15073
3.650969 4.23729 -1.625808 17.24026
3.650969 4.23729 -1.625808 17.24026
3.63672 4.242477 -1.689466 16.766
3.666188 4.241214 -1.688735 17.12338
3.645577 4.245044 -1.606593 17.58795
3.647335 4.236953 -1.540303 17.18279
3.650897 4.241461 -1.572261 17.63121
3.660422 4.244237 -1.422153 17.28393
3.619861 4.231897 -1.627661 14.63357
3.622021 4.230247 -1.681235 14.24253
3.639679 4.240107 -1.383416 16.65232
3.652357 4.26507 -1.478133 15.99982
3.661279 4.250278 -1.681473 17.82057
3.670222 4.247164 -1.671188 17.46944
3.655469 4.239319 -1.321985 16.49295
3.640608 4.248789 -1.461031 16.99821
3.646564 4.260605 -1.300386 15.6865
3.636726 4.248485 -1.573663 16.8984
3.638812 4.228553 -1.675329 15.26039
3.656728 4.228432 -1.621956 15.3088
3.666449 4.254997 -1.677154 17.52889
3.653375 4.249085 -1.552058 17.77196
3.66945 4.240696 -1.593256 17.03294
3.659143 4.223558 -1.421789 14.42682
3.662214 4.251048 -1.707339 17.72142
3.655052 4.248638 -1.402554 17.23642
3.665607 4.238811 -1.349375 16.39985
3.66431 4.249496 -1.229547 15.97853
3.695687 4.254371 -1.217843 14.51071
3.656467 4.244874 -1.499732 17.66032
3.651254 4.241227 -1.524813 17.54479
3.657876 4.245226 -1.684867 17.79457
3.667777 4.263836 -1.885739 14.22709
3.695012 4.265404 -1.711248 13.71851
3.653235 4.261887 -1.652094 16.34016
3.68946 4.263697 -1.402691 15.64004
3.669171 4.26161 -1.483321 16.86238
3.66886 4.251962 -1.727554 17.43265
3.673031 4.242036 -1.718588 16.46684
3.628824 4.247806 -1.326491 15.72605
3.598357 4.234976 -1.441236 12.9963
3.623868 4.248315 -1.192523 14.58434
3.624959 4.228367 -1.292253 14.85964
3.653974 4.223363 -1.233236 14.18332
3.659586 4.260205 -1.072535 14.17964
3.658924 4.254372 -1.653516 17.62898
3.656687 4.256641 -1.426699 17.03223
3.654668 4.252467 -1.499097 17.53546
3.662533 4.245958 -1.520392 17.69711
3.645152 4.225351 -1.434944 15.31995
3.634327 4.243807 -1.275124 15.81735
3.654555 4.25111 -1.398859 17.15309
3.663476 4.25421 -1.433828 17.27952
3.657988 4.251101 -1.654111 17.82735
3.650423 4.242558 -1.565158 17.67157
3.648394 4.246842 -1.984659 14.71572
3.656764 4.252159 -1.502216 17.60261
3.668297 4.248776 -1.69112 17.59454
3.674226 4.250025 -1.595096 17.40475
3.682294 4.247151 -1.538871 16.53077
3.668601 4.250107 -1.665308 17.66049
3.693993 4.26263 -1.408012 15.34139
3.683668 4.250261 -1.013485 13.40386
3.676839 4.252386 -1.410917 16.8469
3.643721 4.254222 -1.768163 16.20675
3.659698 4.251099 -1.818927 17.11207
3.661258 4.248899 -1.917186 16.15319
3.680907 4.244848 -1.726081 15.76329
3.653319 4.233191 -1.7075 16.19271
3.668195 4.253182 -1.661353 17.62497
3.67285 4.248366 -1.580305 17.44605
3.656429 4.244071 -1.490394 17.60263
3.66269 4.254607 -1.58837 17.67757
3.658948 4.248849 -1.708159 17.78278
3.677087 4.25029 -1.633809 17.14195
3.674551 4.25903 -1.544596 17.07875
3.663106 4.264102 -1.243347 15.43384
3.668023 4.262514 -1.529188 16.83171
3.648398 4.247386 -1.545595 17.64114
3.642832 4.249058 -1.764821 16.73118
3.64292 4.23926 -1.624664 17.23563
3.635768 4.236139 -1.838979 14.95476
3.635768 4.236139 -1.838979 14.95476
3.625349 4.231347 -1.603376 15.28555
3.634401 4.230108 -1.777449 14.42935
3.638737 4.226896 -1.695314 14.67729
3.682967 4.238972 -1.640233 14.86916
3.646342 4.248328 -1.589193 17.5707
3.646342 4.248328 -1.589193 17.5707
3.648969 4.267456 -1.409277 15.34369
3.680102 4.259866 -1.383968 16.35645
3.646203 4.263287 -1.367147 15.68718
3.690912 4.245389 -1.272536 14.8039
3.675933 4.259054 -1.190986 15.26215
3.687606 4.252054 -1.458605 16.16999
3.687606 4.252054 -1.458605 16.16999
3.669223 4.256352 -1.464745 17.23575
3.665078 4.249038 -1.502365 17.6464
3.665078 4.249038 -1.502365 17.6464
3.662398 4.242809 -1.651811 17.60376
3.657476 4.246594 -1.801604 17.30374
3.649624 4.25172 -1.84928 16.35409
3.6573 4.239921 -1.796144 16.76439
3.688701 4.254577 -1.469714 16.1269
3.692952 4.247409 -1.24797 14.63066
3.669383 4.235088 -1.318898 15.65644
3.661923 4.24868 -1.138553 15.15405
3.654276 4.25761 -0.8870412 12.17454
3.639833 4.267593 -1.39631 14.70307
3.654231 4.271321 -1.499819 14.88197
3.660908 4.268602 -1.553283 15.66332
3.654202 4.257907 -1.667657 17.01974
3.65193 4.253638 -1.704168 17.31442
3.646985 4.251305 -1.564317 17.44056
3.637288 4.250182 -1.519883 16.82647
3.649046 4.249496 -1.635311 17.64276
3.667363 4.252665 -1.589517 17.71519
3.658795 4.249516 -1.69892 17.79813
3.659246 4.2453 -1.652542 17.84227
3.664145 4.25812 -1.631561 17.33892
3.684395 4.264506 -1.293736 15.43079
3.6904 4.259546 -1.462864 15.8854
3.654075 4.243994 -1.851754 16.74556
3.665047 4.253643 -1.574423 17.70815
3.649727 4.238185 -1.73472 16.96638
3.656363 4.232404 -1.496196 16.44504
3.668773 4.236951 -1.6547 16.30021
3.658781 4.248044 -1.590686 17.90591
3.644052 4.246995 -1.51634 17.39598
3.66329 4.244991 -1.638944 17.74921
3.679649 4.248658 -1.433134 16.68082
3.669353 4.23932 -1.778058 15.93392
3.654697 4.234089 -1.752661 16.03886
3.664964 4.244419 -1.794276 17.00697
3.668121 4.253701 -1.843404 16.57306
3.65468 4.262993 -1.72298 15.78403
3.653279 4.260975 -1.614205 16.63262
3.653239 4.263499 -1.143792 14.52992
3.646784 4.264323 -1.42875 15.74379
3.644373 4.248529 -1.173058 15.29939
3.645864 4.235022 -1.131842 14.70899
3.631331 4.246797 -1.311131 15.83629
3.665107 4.24484 -1.514117 17.56198
3.645838 4.258379 -1.454603 16.53338
3.660078 4.251456 -1.597433 17.84767
3.65658 4.250375 -1.574586 17.83274
3.668178 4.263411 -1.676665 16.41047
3.682676 4.2626 -1.573836 16.29393
3.690701 4.256864 -1.622541 15.64921
3.673034 4.266999 -1.457565 16.10195
3.633469 4.241987 -1.457948 16.66132
3.637907 4.252267 -1.466882 16.63362
3.646357 4.255785 -1.367783 16.46619
3.618531 4.262099 -1.387944 13.59901
3.654076 4.25606 -1.583182 17.37736
3.669813 4.238737 -1.696939 16.34989
3.675606 4.257005 -1.297701 16.16032
3.647871 4.241871 -1.678688 17.4942
3.644429 4.238969 -1.815008 16.28394
3.666243 4.261064 -1.583356 17.02777
3.688333 4.258781 -1.570042 16.07191
3.629671 4.246843 -1.568254 16.32169
3.641473 4.249654 -1.809625 16.16822
3.641473 4.249654 -1.809625 16.16822
3.66683 4.244153 -1.782004 16.9423
3.651052 4.249483 -1.625831 17.73861
3.666075 4.234403 -1.544467 16.29929
3.673845 4.255662 -1.591865 17.34626
3.627019 4.248028 -1.30584 15.4898
3.669513 4.247762 -1.829181 16.6555
3.666274 4.245841 -1.567173 17.67263
3.666274 4.245841 -1.567173 17.67263
3.653873 4.252775 -1.740369 17.33471
3.653873 4.252775 -1.740369 17.33471
3.654858 4.261782 -1.474641 16.59754
3.630106 4.250981 -1.327266 15.66171
3.656068 4.244919 -1.330282 16.77066
3.67194 4.261694 -1.593276 16.87312
3.661272 4.253382 -1.691611 17.64755
3.65425 4.241252 -1.748435 17.28808
3.661901 4.247985 -1.802378 17.27907
3.669087 4.26562 -1.692925 15.87239
3.66727 4.259314 -1.640052 17.17132
3.658866 4.259179 -1.608384 17.15264
3.671639 4.246393 -1.622484 17.41147
3.677166 4.256059 -1.619968 17.10641
3.662264 4.244461 -1.534575 17.67622
3.660599 4.239583 -1.897502 15.46542
3.657362 4.236014 -1.847866 15.44704
3.657362 4.236014 -1.847866 15.44704
3.669482 4.243452 -1.443913 17.05864
3.639651 4.238743 -1.724755 16.64231
3.639651 4.238743 -1.724755 16.64231
3.659542 4.251413 -1.707036 17.71059
3.659542 4.251413 -1.707036 17.71059
3.644181 4.252387 -1.577664 17.19412
3.639978 4.248763 -1.520353 17.10342
3.646176 4.251679 -1.793676 16.58202
3.640745 4.24531 -1.707672 17.03593
3.649211 4.249662 -1.876097 16.22357
3.672331 4.254149 -1.567265 17.47404
3.675193 4.257688 -1.764977 16.48627
3.667835 4.26759 -1.730556 15.09666
3.668133 4.260339 -1.563235 17.11342
3.684825 4.252919 -1.296372 15.76923
3.676902 4.241936 -1.260025 15.542
3.664204 4.23283 -1.415272 16.01111
3.653378 4.241726 -1.356648 16.84412
3.640778 4.242549 -1.32959 16.43895
3.671355 4.250498 -1.294026 16.35931
3.664614 4.249421 -1.474565 17.55735
3.663359 4.245316 -1.642167 17.76199
3.621984 4.216622 -1.392218 13.15238
3.666221 4.253689 -1.484535 17.4843
3.667185 4.261105 -1.778955 16.17109
3.661517 4.25864 -1.608125 17.28085
3.664589 4.257553 -1.605162 17.42746
3.663852 4.250176 -1.043912 14.15553
3.645252 4.246178 -1.43843 17.1997
3.642416 4.234995 -1.2948 15.95519
3.633587 4.270253 -1.450067 13.58223
3.646724 4.272713 -1.603769 13.40697
3.646965 4.262589 -1.503889 16.0954
3.680124 4.262421 -1.385045 16.19389
3.652844 4.247908 -1.553361 17.78435
3.659977 4.24728 -1.440765 17.45419
3.65269 4.261337 -1.272441 15.6687
3.666113 4.258309 -1.332202 16.4846
3.665997 4.261013 -1.441539 16.81489
3.665997 4.261013 -1.441539 16.81489
3.675265 4.262161 -1.687742 16.39856
3.690185 4.242523 -1.404643 14.99268
3.673756 4.265594 -1.457154 16.27948
3.678044 4.2431 -1.655235 16.33739
3.650286 4.23554 -1.659791 16.90954
3.664181 4.24248 -1.585698 17.54441
3.663722 4.263817 -1.380709 16.26181
3.669433 4.253102 -1.405956 17.09547
3.672994 4.250968 -1.429293 17.10947
3.649712 4.241939 -1.747187 17.28477
3.655319 4.251446 -1.413148 17.23179
3.637974 4.254163 -1.452389 16.44568
3.649227 4.264888 -1.411847 15.76255
3.653571 4.257871 -1.601626 17.13468
3.655865 4.25046 -1.791106 17.28529
3.668487 4.253903 -1.646697 17.60711
3.662818 4.2551 -1.579209 17.63697
3.667888 4.252771 -1.651665 17.66783
3.657326 4.240117 -1.745115 17.13572
3.658342 4.249564 -1.683581 17.83264
3.652691 4.239925 -1.688423 17.40384
3.663335 4.242216 -1.564749 17.5412
3.652553 4.245565 -1.295226 16.50149
3.636779 4.243991 -1.376003 16.53761
3.629789 4.240045 -1.473272 16.40918
3.634531 4.238816 -1.535219 16.77303
3.661966 4.247183 -1.472164 17.57244
3.657783 4.256969 -1.672698 17.28038
3.679825 4.245372 -1.57832 16.61552
3.657003 4.26067 -1.622643 16.84356
3.65692 4.246822 -1.378252 17.11199
3.639726 4.257588 -1.270642 15.45154
3.651155 4.247655 -1.180646 15.51642
3.637913 4.246223 -1.536261 17.07587
3.637913 4.246223 -1.536261 17.07587
3.641683 4.231534 -1.475104 16.36017
3.638799 4.248851 -1.627638 16.9851
3.647865 4.246293 -1.726497 17.4354
3.637994 4.240722 -1.591266 17.07329
3.647318 4.254006 -1.908227 15.04686
3.647318 4.254006 -1.908227 15.04686
3.63785 4.248483 -1.774721 16.15724
3.641098 4.246418 -1.675871 17.16444
3.668363 4.245218 -1.226147 15.80946
3.649982 4.252335 -1.599324 17.53465
3.665756 4.263384 -1.565349 16.70537
3.669255 4.267253 -1.609329 15.94545
3.687224 4.240721 -1.360821 15.04052
3.672137 4.238624 -1.550159 16.53415
3.681159 4.253743 -1.669656 16.6795
3.676101 4.237904 -1.490979 16.03838
3.633478 4.245293 -1.230637 15.4448
3.633478 4.245293 -1.230637 15.4448
3.638172 4.239577 -1.53588 17.03206
3.640357 4.232645 -1.527306 16.51656
3.648703 4.249876 -1.488747 17.43626
3.658725 4.224941 -1.336361 14.66948
3.639731 4.235386 -1.323004 16.09495
3.614472 4.23511 -1.189188 14.09424
3.6707 4.246238 -1.327472 16.5318
3.668855 4.236105 -1.547188 16.39454
3.653251 4.246304 -1.525049 17.73358
3.653741 4.247727 -1.526688 17.74467
3.657972 4.260272 -1.491254 16.92523
3.629888 4.252258 -1.623061 15.72509
3.639632 4.241193 -1.637786 17.13263
3.662938 4.238742 -1.735989 16.71795
3.66856 4.250037 -1.986273 14.71171
3.667498 4.248217 -1.93016 15.66026
3.66453 4.251042 -1.835936 16.91637
3.663116 4.248262 -1.762962 17.49903
3.645255 4.243866 -1.596872 17.56281
3.639089 4.239723 -1.711068 16.75108
3.644195 4.23682 -1.614176 17.08175
3.645801 4.240869 -1.569275 17.47037
3.663351 4.249026 -1.69858 17.76247
3.646836 4.246022 -1.542537 17.58984
3.67021 4.242745 -1.356445 16.55292
3.655205 4.254971 -1.421005 17.09161
3.63656 4.248191 -1.855907 15.13692
3.64105 4.245684 -1.590323 17.32515
3.661327 4.246834 -1.614797 17.88288
3.657604 4.240597 -1.623274 17.5629
3.651966 4.247706 -1.556139 17.77036
3.641295 4.244484 -1.548014 17.33148
3.655697 4.243734 -1.599264 17.81042
3.634927 4.250412 -1.479317 16.56829
3.634927 4.250412 -1.479317 16.56829
3.637177 4.264219 -1.645777 14.31122
3.653634 4.254723 -1.45795 17.22465
3.631026 4.240288 -1.56634 16.54787
3.661952 4.241814 -1.681486 17.45566
3.642304 4.236909 -1.436619 16.81282
3.649127 4.264532 -1.315222 15.4546
3.667942 4.256866 -1.62994 17.43818
3.688593 4.240188 -1.375505 14.83587
3.661121 4.256808 -1.562356 17.47025
3.651782 4.254514 -1.343585 16.60715
3.65752 4.24274 -1.483637 17.515
3.646759 4.242643 -1.677791 17.49094
3.658794 4.251171 -1.696744 17.74687
3.658794 4.251171 -1.696744 17.74687
3.643889 4.244374 -1.667956 17.4083
3.640607 4.243695 -1.443767 17.0293
3.644395 4.252103 -1.629926 17.18562
3.649831 4.233048 -1.632318 16.56776
3.643091 4.242077 -1.557279 17.40057
3.652988 4.248946 -1.451391 17.44404
3.669957 4.242914 -1.181615 15.29121
3.658097 4.24194 -1.209147 15.72239
3.609163 4.244853 -0.9948674 12.30074
3.63513 4.247159 -1.307719 16.01707
3.680374 4.244787 -1.49331 16.49895
3.680855 4.261612 -1.602901 16.46305
3.652334 4.264485 -1.662967 15.67157
3.669708 4.240173 -1.669425 16.75236
3.66314 4.246589 -1.662887 17.79936
3.66314 4.246589 -1.662887 17.79936
3.671173 4.264203 -1.55205 16.57811
3.66815 4.257988 -1.628868 17.32934
3.670864 4.249249 -1.638169 17.57204
3.670864 4.249249 -1.638169 17.57204
3.666982 4.252933 -1.681201 17.62944
3.639114 4.247316 -1.69236 16.89222
3.649676 4.25268 -1.828044 16.45642
3.650642 4.251692 -1.835838 16.56842
3.658006 4.257695 -1.707618 17.05782
3.632295 4.244162 -1.435384 16.5102
3.650167 4.247396 -1.448877 17.39123
3.650167 4.247396 -1.448877 17.39123
3.678863 4.24544 -1.408804 16.46736
3.690844 4.247188 -1.247323 14.80469
3.669874 4.243462 -1.648002 17.24879
3.640909 4.262902 -1.57245 15.43601
3.657905 4.251951 -1.293764 16.47689
3.65189 4.254206 -1.387032 16.88048
3.671154 4.25437 -1.344109 16.666
3.666694 4.250699 -1.542369 17.71019
3.655163 4.254738 -1.565806 17.53125
3.656793 4.26437 -1.549947 16.32279
3.682148 4.265071 -1.389387 15.9047
3.635961 4.252128 -1.363561 16.14802
3.613586 4.260769 -1.234205 13.14887
3.643619 4.250515 -1.425068 16.94513
3.646229 4.252851 -1.668966 17.154
3.657908 4.260658 -1.325807 16.1971
3.645114 4.254384 -1.73818 16.54298
3.650949 4.264595 -1.573609 15.92136
3.66397 4.255041 -1.497198 17.48084
3.645691 4.245279 -1.314332 16.50804
3.660262 4.251378 -1.362917 16.9846
3.658331 4.243543 -1.92797 15.79133
3.643911 4.25607 -1.90413 14.2245
3.652628 4.232667 -1.843994 14.74808
3.667403 4.249885 -1.567493 17.7343
3.645316 4.248061 -1.486284 17.34821
3.667501 4.251113 -1.598064 17.75048
3.664042 4.253055 -1.633999 17.75867
3.66725 4.249175 -1.342958 16.79966
3.636293 4.257727 -1.192559 14.74074
3.663275 4.271493 -1.314527 14.98552
3.666845 4.261669 -1.280776 15.91292
3.643552 4.234666 -1.567268 16.85811
3.640278 4.24733 -1.151424 15.00643
3.625499 4.219576 -1.374446 13.8944
3.593625 4.244114 -1.353354 12.47144
3.611696 4.245199 -1.659334 13.33805
3.635339 4.234271 -1.695964 16.00339
3.652844 4.25058 -1.607169 17.75864
3.65005 4.248187 -1.268214 16.24628
3.644983 4.22834 -1.518547 15.89966
3.673975 4.273067 -1.576752 14.78894
3.665018 4.266184 -1.480298 16.24376
3.675939 4.250691 -1.220521 15.63872
3.641185 4.245513 -1.432976 17.0083
3.671105 4.240341 -1.224058 15.45415
3.670064 4.253272 -1.485626 17.41438
3.674401 4.251828 -1.645931 17.35841
3.670883 4.243587 -1.641794 17.19597
3.66596 4.248484 -1.451348 17.42582
3.631558 4.269254 -1.445742 13.59958
3.631558 4.269254 -1.445742 13.59958
3.650571 4.263643 -1.36324 15.83861
3.662092 4.259797 -1.686659 16.93692
3.673529 4.260105 -1.729729 16.53438
3.658205 4.250386 -1.807384 17.22242
3.658205 4.250386 -1.807384 17.22242
3.644546 4.244073 -1.463839 17.27632
3.647933 4.244961 -1.481374 17.46286
3.660873 4.247824 -1.725065 17.71312
3.660873 4.247824 -1.725065 17.71312
3.669168 4.24711 -1.699839 17.4504
3.65716 4.235773 -1.622484 16.93061
3.658893 4.258251 -1.39828 16.81492
3.673633 4.266378 -1.658559 15.86189
3.671087 4.259129 -1.667265 17.04633
3.650908 4.260984 -1.544605 16.58769
3.657447 4.26817 -1.529039 15.65926
3.66441 4.256037 -1.856503 16.28953
3.664956 4.245897 -1.78637 17.18697
3.630111 4.238785 -1.632877 16.25624
3.64658 4.237362 -1.823313 16.07571
3.657549 4.238211 -1.763773 16.71554
3.678563 4.241946 -1.40603 16.17828
3.682637 4.252043 -1.601499 16.69829
3.658901 4.242331 -1.675507 17.61723
3.658642 4.254284 -1.891233 16.06295
3.679109 4.259685 -1.641884 16.6654
3.66026 4.26 -1.758091 16.44878
3.670451 4.251162 -1.663699 17.57053
3.64533 4.251665 -1.510924 17.24755
3.656706 4.264324 -1.512271 16.33936
3.669098 4.266908 -1.601717 16.03962
3.665233 4.269048 -1.770133 14.19094
3.662079 4.263694 -1.844633 14.74881
3.660178 4.247307 -1.492903 17.67204
3.675495 4.256885 -1.632812 17.14228
3.658051 4.236925 -1.502869 17.06068
3.634199 4.247297 -1.672479 16.47338
3.643376 4.255043 -1.568353 16.87645
3.648111 4.245799 -1.79779 17.03257
3.656336 4.23802 -1.644189 17.25311
3.662138 4.237924 -1.761711 16.4389
3.656391 4.256241 -1.515349 17.35489
3.636485 4.23338 -1.13494 14.51765
3.642879 4.232912 -1.464781 16.53642
3.662953 4.246001 -1.04525 14.15801
3.659781 4.248993 -1.512881 17.74376
3.668903 4.240462 -1.44709 16.84602
3.664875 4.256816 -1.930802 15.19471
3.659034 4.239808 -1.679481 17.32891
3.662783 4.24318 -1.386593 17.00364
3.713964 4.264664 -1.444949 12.45734
3.712278 4.271101 -0.8658533 10.4954
3.706639 4.268631 -1.198893 13.28451
3.706013 4.278216 -1.497814 12.04731
3.678661 4.280049 -1.699525 11.40817
3.674246 4.274454 -1.453203 14.83108
3.688381 4.267543 -1.766113 13.64987
3.670998 4.270441 -1.587243 15.35429
3.676737 4.253511 -1.616808 17.2222
3.655573 4.252698 -1.748396 17.36822
3.644751 4.242 -1.596174 17.48985
3.641961 4.248343 -1.643168 17.24228
3.641961 4.248343 -1.643168 17.24228
3.664705 4.241931 -1.609912 17.46529
3.671203 4.250763 -1.536937 17.53622
3.663403 4.258106 -1.453989 17.11705
3.666591 4.233972 -1.277814 15.43708
3.662903 4.232551 -1.503217 16.17188
3.650791 4.239097 -1.396101 16.92339
3.661442 4.25142 -1.865826 16.66555
3.643045 4.236206 -1.560258 17.01731
3.655314 4.243206 -1.52451 17.67148
3.655314 4.243206 -1.52451 17.67148
3.636179 4.23928 -1.582819 16.89648
3.645233 4.23486 -1.487963 16.84797
3.632793 4.239078 -1.6159 16.57016
3.632793 4.239078 -1.6159 16.57016
3.632793 4.239078 -1.6159 16.57016
3.679341 4.252319 -1.523892 17.02452
3.684118 4.254284 -1.320579 15.96414
3.665313 4.254796 -1.402895 17.08889
3.667649 4.251425 -1.309634 16.55752
3.666972 4.258215 -1.361999 16.6666
3.667068 4.254674 -1.442651 17.26702
3.660313 4.25142 -1.625609 17.85355
3.64914 4.240407 -1.617096 17.53655
3.645462 4.228936 -1.554543 15.97026
3.633011 4.231099 -1.425427 15.93265
3.6247 4.237164 -1.337106 15.56696
3.632328 4.234705 -1.5427 16.35031
3.664427 4.256335 -1.438952 17.18532
3.664427 4.256335 -1.438952 17.18532
3.671821 4.253779 -1.471902 17.29666
3.67318 4.256342 -1.509932 17.2573
3.670258 4.246481 -1.16563 15.26182
3.681517 4.246289 -1.42049 16.35217
3.674624 4.237156 -1.497675 16.0639
3.676623 4.241194 -1.270533 15.57081
3.69148 4.234012 -1.53389 12.61573
3.660657 4.240475 -1.545334 17.44926
3.655074 4.244087 -1.770559 17.3924
3.676578 4.23927 -1.542001 16.19737
3.672391 4.256482 -1.601512 17.35998
3.680058 4.252911 -1.679353 16.75743
3.687418 4.255748 -1.430014 16.17543
3.677977 4.268303 -1.599472 15.63425
3.652487 4.257034 -1.361006 16.56191
3.63319 4.264923 -1.769916 11.98792
3.640226 4.2575 -1.913568 13.08261
3.660753 4.238133 -1.526549 17.16472
3.621015 4.233799 -1.64627 14.83664
3.640482 4.247362 -1.467239 17.06143
3.640919 4.237112 -1.568993 17.02197
3.643438 4.250372 -1.672631 17.15089
3.658042 4.244073 -1.554895 17.7675
3.677541 4.266968 -1.516144 16.04847
3.658824 4.259638 -1.81251 15.99503
3.682631 4.262419 -1.242396 15.30939
3.676215 4.256956 -1.407526 16.76554
3.676215 4.256956 -1.407526 16.76554
3.664543 4.265585 -1.615127 16.20877
3.622921 4.237987 -1.448269 15.77382
3.63573 4.232255 -1.410974 16.11928
3.603653 4.23062 -1.433036 13.51657
3.598184 4.229808 -1.412571 12.88638
3.6098 4.241676 -1.421533 14.4417
3.649872 4.2503 -1.396521 17.05736
3.673137 4.246664 -1.57633 17.33986
3.6795 4.242458 -1.554044 16.33234
3.677192 4.261114 -1.590841 16.75319
3.673487 4.255105 -1.591734 17.39038
3.669048 4.240233 -1.449919 16.82387
3.648459 4.24381 -1.58544 17.68313
3.655348 4.250314 -1.2488 16.13414
3.658373 4.247368 -1.343911 16.89513
3.661378 4.232736 -1.456186 16.23744
3.676988 4.250655 -1.45393 16.99631
3.656175 4.255137 -1.304477 16.40891
3.656175 4.255137 -1.304477 16.40891
3.656719 4.268357 -1.564046 15.50342
3.646942 4.260693 -1.517114 16.38824
3.645573 4.262326 -1.54782 16.00852
3.649661 4.256184 -1.63839 17.08161
3.645926 4.253621 -1.502799 17.11941
3.656401 4.254495 -1.744739 17.23586
3.650784 4.235873 -1.571981 17.10215
3.675635 4.257436 -1.545013 17.14532
3.672701 4.269328 -1.570475 15.64379
3.657936 4.270415 -1.262784 14.76917
3.648528 4.257361 -1.048236 13.89341
3.66619 4.233046 -1.382222 15.83024
3.662877 4.261776 -1.45741 16.76207
3.678367 4.255564 -1.567695 17.08564
3.63645 4.247337 -1.743452 16.31535
3.680525 4.246491 -1.719918 16.09225
3.666378 4.246952 -1.655922 17.70588
3.683341 4.256897 -1.337622 16.07647
3.666735 4.257476 -1.724024 17.10761
3.672643 4.251863 -1.419752 17.07974
3.672274 4.243165 -1.512077 17.06407
3.671755 4.266882 -1.417137 16.04232
3.647842 4.251155 -1.766259 16.97631
3.652504 4.245062 -1.719375 17.63617
3.664182 4.258361 -1.893337 15.44907
3.662725 4.246423 -1.761295 17.46479
3.662725 4.246423 -1.761295 17.46479
3.662725 4.246423 -1.761295 17.46479
3.661969 4.246245 -1.758603 17.4943
3.666937 4.246173 -1.640624 17.66312
3.660308 4.251457 -1.480585 17.58557
3.639159 4.248465 -1.833502 15.74721
3.658034 4.245246 -1.561081 17.82347
3.657773 4.236448 -1.722495 16.64194
3.661911 4.253218 -1.684513 17.67895
3.663814 4.244327 -1.445837 17.33255
3.64071 4.252047 -1.695501 16.6538
3.653305 4.255297 -1.595853 17.42408
3.652832 4.257254 -1.607564 17.17266
3.625298 4.248482 -1.4202 15.75526
3.608846 4.239345 -1.402834 14.37491
3.627547 4.257263 -1.473432 15.18865
3.647445 4.245011 -1.804499 16.93711
3.664016 4.24525 -1.619883 17.75106
3.647527 4.24229 -1.680906 17.49769
3.658648 4.244375 -1.264721 16.26005
3.664922 4.237277 -1.472743 16.76857
3.642135 4.235424 -1.57215 16.90213
3.633155 4.247064 -1.701672 16.21085
3.617731 4.233266 -1.633655 14.46048
3.639132 4.228926 -1.610951 15.71106
3.654919 4.238586 -1.697528 17.19718
3.659757 4.249238 -1.824285 17.13785
3.6546 4.251614 -1.542416 17.68879
3.662611 4.238487 -1.529831 17.13899
3.659724 4.242843 -1.84522 16.65336
3.651947 4.247067 -1.842058 16.85553
3.648042 4.251265 -1.325002 16.53345
3.631537 4.232121 -1.642659 15.7189
3.68288 4.240255 -1.561629 15.52484
3.667718 4.246713 -1.271741 16.2363
3.671232 4.247735 -1.552458 17.49719
3.633552 4.234724 -1.708902 15.83497
3.643923 4.233533 -1.427787 16.52095
3.672488 4.24984 -1.676225 17.40158
3.647372 4.26286 -1.514514 16.07737
3.653405 4.256366 -1.474408 17.14353
3.668762 4.250368 -1.378599 16.99006
3.675583 4.250014 -1.303972 16.27379
3.6735 4.264247 -1.390888 16.24033
3.666676 4.281975 -1.085888 12.45424
3.656169 4.266226 -1.393799 15.82566
3.679538 4.273403 -1.350821 14.85946
3.689668 4.275312 -1.487068 14.14209
3.685097 4.261089 -1.457343 16.23694
3.660024 4.254018 -1.572219 17.69116
3.671081 4.240415 -1.498495 16.83485
3.660347 4.258378 -1.501189 17.20577
3.682559 4.251701 -1.371985 16.31112
3.661966 4.255655 -1.28424 16.2927
3.634914 4.246366 -1.296912 15.95684
3.617616 4.241315 -1.161432 14.14547
3.64023 4.243111 -1.401405 16.82452
3.638608 4.24611 -1.416041 16.79663
3.658477 4.249329 -1.690526 17.82242
3.66027 4.252118 -1.790736 17.26076
3.660263 4.256817 -1.511649 17.37375
3.652671 4.249908 -1.261317 16.20924
3.671196 4.264907 -1.369275 16.10802
3.657642 4.25123 -1.498975 17.64161
3.673037 4.249518 -1.795008 16.71441
3.661002 4.243667 -1.801501 17.07209
3.643138 4.243952 -1.733588 17.09921
3.649179 4.245136 -1.510308 17.59297
3.645494 4.252322 -1.585651 17.285
3.662154 4.247581 -1.633262 17.88018
3.675488 4.256194 -1.617691 17.20933
3.687117 4.259844 -1.241285 15.21104
3.672852 4.263427 -1.525673 16.65627
3.646597 4.253018 -1.618272 17.27239
3.678657 4.254284 -1.756571 16.45421
3.653923 4.246882 -1.639956 17.86562
3.649239 4.23382 -1.530517 16.81266
3.660626 4.237031 -1.312211 16.17799
3.671965 4.238074 -1.85481 14.33487
3.627041 4.242771 -1.22069 15.08227
3.618755 4.240091 -1.388277 15.33488
3.621746 4.235687 -1.421464 15.55883
3.645321 4.235582 -1.507195 16.96208
3.636387 4.240206 -1.545585 16.9563
3.653495 4.249095 -1.721211 17.63953
3.643591 4.241228 -1.636451 17.36827
3.643591 4.241228 -1.636451 17.36827
3.673144 4.252779 -1.50527 17.36471
3.661294 4.248368 -1.352501 16.94579
3.66118 4.264457 -1.466125 16.4075
3.6542 4.261519 -1.517798 16.66683
3.660435 4.266025 -1.248745 15.25127
3.650132 4.260858 -1.571066 16.54223
3.659052 4.262879 -1.795041 15.42575
3.670756 4.267359 -1.772376 14.74266
3.687714 4.272183 -1.394203 14.84698
3.662533 4.251408 -1.558408 17.79832
3.649728 4.23926 -1.660443 17.38339
3.663978 4.247728 -1.395416 17.17395
3.666993 4.258873 -1.47606 17.12381
3.675059 4.260499 -1.259522 15.7508
3.67642 4.263106 -1.306846 15.8647
3.684919 4.259259 -1.336015 15.90987
3.656262 4.26003 -1.473611 16.86168
3.685223 4.264166 -1.67996 15.44369
3.686901 4.256703 -1.638615 16.09355
3.682509 4.25785 -1.91284 13.84352
3.689389 4.268312 -1.801056 12.83637
3.665493 4.257201 -1.764624 16.92113
3.662101 4.251012 -1.557938 17.81127
3.625159 4.258017 -1.426959 14.85772
3.649095 4.249093 -1.509622 17.54157
3.666598 4.250402 -1.406736 17.19918
3.681088 4.244817 -1.515334 16.44573
3.660393 4.261507 -1.495087 16.84125
3.682028 4.268904 -1.548212 15.52211
3.684012 4.253646 -1.438987 16.48491
3.655056 4.241275 -1.667106 17.5915
3.666774 4.245725 -1.536362 17.59688
3.648967 4.255843 -1.611274 17.12923
3.642767 4.242803 -1.560207 17.40642
3.645786 4.227586 -1.216248 14.79013
3.62784 4.244279 -1.30726 15.65854
3.672565 4.240327 -1.714168 16.24623
3.672035 4.250235 -1.452537 17.24445
3.642696 4.238499 -1.325841 16.35727
3.655734 4.251146 -1.418837 17.27805
3.654175 4.242475 -1.475839 17.48193
3.652149 4.240682 -1.610577 17.60471
3.657749 4.239046 -1.798429 16.58899
3.665227 4.244122 -1.791944 16.97749
3.674574 4.240129 -1.599403 16.46627
3.694724 4.265504 -1.393508 15.07791
3.674107 4.259201 -1.509514 17.03717
3.641296 4.244432 -1.472185 17.16476
3.652739 4.258746 -1.543384 16.99367
3.67481 4.25432 -1.307179 16.31955
3.671958 4.254175 -1.912548 15.46577
3.661727 4.26413 -1.857519 14.42372
3.669704 4.257261 -1.562458 17.38374
3.650672 4.260674 -1.233724 15.39385
3.677984 4.253535 -0.9812268 13.24699
3.665366 4.268036 -1.320663 15.50889
3.629854 4.255424 -1.203109 14.63607
3.630619 4.239892 -1.570662 16.49715
3.634641 4.232388 -1.518878 16.25471
3.658686 4.247522 -1.268449 16.33358
3.655183 4.260056 -1.269512 15.82126
3.637806 4.254027 -1.647448 16.32569
3.67063 4.258696 -1.792007 16.39426
3.627362 4.250369 -1.668956 15.34936
3.651359 4.250234 -1.820209 16.88523
3.6575 4.249188 -1.665471 17.86798
3.659839 4.249953 -1.637273 17.8933
3.68409 4.244696 -1.446845 16.03466
3.68072 4.261383 -1.659338 16.30532
3.68072 4.261383 -1.659338 16.30532
3.679232 4.265665 -1.677019 15.6755
3.683058 4.254045 -1.661074 16.49936
3.663612 4.249502 -1.817627 17.12762
3.651999 4.243063 -1.692494 17.63376
3.683998 4.247904 -1.476391 16.36284
3.699318 4.272501 -1.352346 14.01215
3.715139 4.259437 -1.397588 12.38848
3.655876 4.268203 -1.376596 15.47363
3.664401 4.241388 -1.643161 17.38178
3.6743 4.247522 -1.747132 16.81233
3.655829 4.243608 -1.467525 17.49955
3.672857 4.249039 -1.471102 17.25505
3.672857 4.249039 -1.471102 17.25505
3.664301 4.255425 -1.710323 17.41231
3.669327 4.266235 -1.688608 15.76414
3.651803 4.256378 -1.620418 17.21346
3.664964 4.256769 -1.778498 16.88551
3.674189 4.254262 -1.867317 15.85334
3.683301 4.251893 -1.743501 15.93518
3.669287 4.246968 -1.739505 17.26318
3.653085 4.252469 -1.511118 17.52742
3.657817 4.248413 -1.341119 16.87561
3.657817 4.248413 -1.341119 16.87561
3.653269 4.251869 -1.714581 17.50025
3.684959 4.238757 -1.656782 14.31582
3.665456 4.243927 -1.793656 16.92859
3.655982 4.24894 -1.681989 17.82208
3.650048 4.24471 -1.52874 17.65923
3.666142 4.233633 -1.400456 15.98253
3.650531 4.238764 -1.541713 17.39234
3.652185 4.238269 -1.495114 17.25914
3.669161 4.250353 -1.60648 17.69332
3.637604 4.236295 -1.116613 14.50176
3.615897 4.226727 -1.473505 14.31214
3.649501 4.249313 -1.084079 14.52532
3.65089 4.259026 -1.202911 15.28427
3.638213 4.262194 -1.152134 14.18187
3.667178 4.267957 -1.392499 15.8205
3.634042 4.265589 -1.420242 14.57322
3.607301 4.263456 -1.008522 11.37376
3.633251 4.255885 -1.335892 15.55967
3.641838 4.248728 -1.342522 16.50446
3.653889 4.261269 -1.807737 15.35853
3.65214 4.252121 -1.618567 17.64009
3.642152 4.250851 -1.483916 17.0523
3.659653 4.247243 -1.565944 17.86631
3.659653 4.247243 -1.565944 17.86631
3.659653 4.247243 -1.565944 17.86631
3.668477 4.239888 -1.560204 17.0104
3.64675 4.247728 -1.54665 17.56697
3.66407 4.252221 -1.726117 17.58119
3.664262 4.257498 -1.851048 16.1272
3.66026 4.245394 -1.495759 17.64035
3.639301 4.234572 -1.576616 16.6924
3.653127 4.243054 -1.661507 17.72185
3.641953 4.239204 -1.584521 17.22262
3.647161 4.268455 -1.447241 15.08632
3.653205 4.243301 -1.437302 17.34596
3.665749 4.243731 -1.442074 17.22596
3.651849 4.22865 -1.431096 15.82596
3.632491 4.244441 -1.63273 16.55789
3.651274 4.241177 -1.481707 17.41864
3.659858 4.238453 -1.471548 17.10141
3.6605 4.258072 -1.52253 17.28372
3.6605 4.258072 -1.52253 17.28372
3.655733 4.244671 -1.541908 17.76986
3.640664 4.245795 -1.641665 17.23754
3.673515 4.256488 -1.66653 17.19682
3.66485 4.242678 -1.78273 16.89896
3.662803 4.252473 -1.734346 17.54889
3.661608 4.25433 -1.871917 16.33999
3.661608 4.25433 -1.871917 16.33999
3.659551 4.26536 -1.24486 15.27548
3.67835 4.252804 -1.627435 17.08074
3.634756 4.250494 -1.450879 16.48789
3.638459 4.248051 -1.498481 16.99337
3.629177 4.262587 -1.217215 14.06833
3.618873 4.252152 -1.464064 14.8241
3.616674 4.257191 -1.405378 14.05435
3.64193 4.248174 -1.512894 17.23802
3.641171 4.24897 -1.577303 17.21988
3.64373 4.243748 -1.698722 17.29388
3.64158 4.236062 -1.56258 16.9522
3.65214 4.259276 -1.466336 16.77724
3.666239 4.243246 -1.755423 17.05588
3.626048 4.236511 -1.68432 15.40522
3.601454 4.233345 -1.213247 13.26162
3.587557 4.235985 -1.311355 12.02019
3.581245 4.230324 -1.204086 11.35856
3.602125 4.231423 -1.550101 12.73645
3.579965 4.235337 -1.374225 10.75928
3.59585 4.24405 -0.9153607 10.94009
3.598282 4.245943 -1.417018 12.79178
3.610256 4.267371 -1.33546 11.92578
3.626746 4.256505 -1.424226 15.19994
3.667228 4.251334 -1.518916 17.63328
3.667228 4.251334 -1.518916 17.63328
3.659163 4.244706 -1.289885 16.46248
3.683476 4.253318 -1.419968 16.46355
3.66173 4.268157 -1.115091 14.06623
3.653768 4.263641 -1.356054 15.9342
3.655148 4.256121 -1.587141 17.41111
3.645589 4.255399 -1.513909 16.95836
3.663996 4.258955 -1.562705 17.27677
3.671778 4.248483 -1.290964 16.30087
3.678048 4.246992 -1.642439 16.83512
3.673026 4.257227 -1.521952 17.23621
3.676335 4.26079 -1.474052 16.75655
3.682039 4.255655 -1.515381 16.78311
3.644558 4.263452 -1.522207 15.76588
3.64028 4.249831 -1.511754 17.05382
3.658679 4.253698 -1.52505 17.61283
3.66878 4.24577 -1.292022 16.33372
3.664416 4.227418 -1.614851 14.40412
3.660043 4.234061 -1.632854 16.45064
3.663992 4.248224 -1.815426 17.12322
3.676609 4.251475 -1.702119 16.99436
3.661633 4.240123 -1.445201 17.11329
3.653692 4.25072 -1.373457 17.0023
3.656054 4.258009 -1.470597 17.06189
3.647053 4.248574 -1.583158 17.59558
3.662171 4.243339 -1.381334 16.99431
3.6697 4.242677 -1.169557 15.18156
3.678772 4.254699 -1.128196 14.72863
3.689126 4.245464 -1.027785 13.14476
3.689126 4.245464 -1.027785 13.14476
3.694534 4.255545 -1.217382 14.61814
3.694534 4.255545 -1.217382 14.61814
3.69321 4.240984 -1.505857 14.13794
3.626646 4.240986 -1.541946 16.17864
3.67035 4.247123 -1.282341 16.25336
3.676081 4.254227 -1.487422 17.14774
3.689044 4.257848 -1.223495 15.02695
3.698215 4.247436 -1.376855 14.42602
3.692828 4.25383 -1.559576 15.52764
3.687346 4.256719 -1.709292 15.62165
3.664496 4.248039 -1.643638 17.82431
3.669484 4.239197 -1.552242 16.8416
3.646395 4.261591 -1.516302 16.21495
3.664162 4.265377 -1.465852 16.33146
3.6649 4.263977 -1.499162 16.59117
3.649352 4.255586 -1.316325 16.29486
3.639286 4.253049 -1.396846 16.43738
3.639286 4.253049 -1.396846 16.43738
3.646262 4.241103 -1.858042 16.16938
3.643582 4.23057 -1.648977 15.98273
3.651024 4.233231 -1.81309 15.33475
3.66533 4.253523 -1.991269 14.64135
3.679611 4.242009 -1.616787 16.11006
3.674527 4.235809 -1.349693 15.54882
3.661763 4.234165 -1.517193 16.53264
3.681659 4.228374 -1.198706 13.16119
3.710087 4.228249 -1.156903 9.239931
3.702155 4.241902 -1.343757 13.08753
3.689227 4.234444 -1.200171 13.38894
3.6753 4.232097 -1.438036 15.02049
3.642568 4.252346 -1.577298 17.08366
3.645445 4.250967 -1.577316 17.38219
3.631971 4.250702 -1.555904 16.30828
3.668296 4.251201 -1.65657 17.68431
3.656092 4.252171 -1.587378 17.75621
3.656092 4.252171 -1.587378 17.75621
3.671601 4.264127 -1.659527 16.32475
3.691722 4.264194 -1.646506 14.93102
3.680738 4.255893 -1.727746 16.37221
3.656342 4.251816 -1.613134 17.79008
3.62357 4.237501 -1.66403 15.2964
3.628002 4.243024 -1.434182 16.20243
3.629627 4.241096 -1.507681 16.45287
3.646228 4.251507 -1.309122 16.35756
3.65968 4.254674 -1.393318 17.03892
3.667277 4.242106 -1.360789 16.65773
3.665536 4.249643 -1.742013 17.53632
3.661588 4.251112 -1.841279 16.91984
3.654647 4.251776 -1.70392 17.59816
3.67602 4.245194 -1.474477 16.87782
3.620623 4.229782 -1.614937 14.54238
3.621007 4.250565 -1.527199 15.12065
3.651659 4.248487 -1.448725 17.41166
3.642601 4.256498 -1.576416 16.63212
3.655694 4.251144 -1.593442 17.80429
3.647833 4.24752 -1.560448 17.6395
3.649843 4.238777 -1.455101 17.15897
3.63561 4.218751 -1.320165 13.90472
3.617834 4.223665 -1.288594 14.02332
3.629368 4.236751 -1.342788 15.85357
3.641726 4.25716 -1.617805 16.37629
3.663995 4.239234 -1.597549 17.18948
3.647594 4.239436 -1.595657 17.43643
3.625452 4.244441 -1.455525 16.0034
3.620717 4.248867 -1.298362 14.95259
3.616836 4.258014 -1.485061 13.77016
3.650673 4.239831 -1.782239 16.88772
3.681116 4.264024 -1.565384 16.24594
3.6674 4.254504 -1.633652 17.62056
3.680994 4.256886 -1.74697 16.15801
3.661516 4.260502 -1.577445 17.05927
3.682129 4.247173 -1.574895 16.52416
3.654174 4.231201 -1.551413 16.29508
3.650519 4.243413 -1.769237 17.27428
3.650519 4.243413 -1.769237 17.27428
3.642372 4.24624 -1.42724 17.03002
3.6626 4.25263 -1.201871 15.71064
3.644254 4.26871 -1.377066 14.80107
3.644698 4.24607 -1.59661 17.53861
3.640111 4.237455 -1.622543 16.95595
3.638937 4.245951 -1.419793 16.83315
3.644014 4.262153 -1.279845 15.29946
3.67766 4.266331 -1.467331 16.11156
3.670854 4.263304 -1.566189 16.70252
3.688944 4.264263 -1.613075 15.44083
3.683998 4.265436 -1.52932 15.94659
3.683998 4.265436 -1.52932 15.94659
3.666048 4.260109 -1.312366 16.2379
3.642946 4.268788 -1.481187 14.6708
3.618516 4.250528 -1.400812 14.93201
3.584042 4.241278 -1.072301 11.26689
3.630166 4.227376 -1.433123 15.36826
3.639237 4.237913 -1.568047 17.00513
3.663027 4.246873 -1.564481 17.80881
3.656553 4.256885 -1.588901 17.37627
3.656553 4.256885 -1.588901 17.37627
3.662322 4.246763 -1.31625 16.67076
3.644486 4.248645 -1.310823 16.40405
3.643088 4.237248 -1.526005 17.08897
3.647673 4.239432 -1.485138 17.27451
3.647673 4.239432 -1.485138 17.27451
3.646445 4.23829 -1.609527 17.30113
3.645116 4.234727 -1.476593 16.80653
3.613547 4.264506 -1.407299 12.57097
3.616342 4.264535 -1.297243 13.04605
3.629465 4.244749 -1.279455 15.58478
3.631945 4.258323 -1.30005 15.08561
3.631945 4.258323 -1.30005 15.08561
3.636763 4.240157 -1.305086 16.09016
3.64368 4.247452 -1.615681 17.43974
3.641759 4.230521 -1.582063 16.1733
3.641619 4.234425 -1.466508 16.6751
3.663656 4.255186 -1.214376 15.74826
3.674862 4.24406 -1.770479 16.18622
3.682705 4.26565 -1.392199 15.83537
3.670144 4.2527 -1.642658 17.59641
3.658748 4.244477 -1.74097 17.55525
3.650736 4.251904 -1.663723 17.53239
3.637512 4.242011 -1.414807 16.74586
3.646502 4.251835 -1.491611 17.24981
3.665033 4.235981 -1.578312 16.63291
3.689471 4.250354 -1.270777 15.21584
3.633991 4.264411 -1.053986 13.03805
3.668539 4.256789 -0.8753944 12.09449
3.684563 4.250741 -0.9440238 12.63426
3.690096 4.257796 -1.330152 15.57438
3.700058 4.261786 -1.134404 13.63874
3.631761 4.250136 -1.494884 16.34142
3.681831 4.257433 -1.355246 16.23738
3.646452 4.235095 -1.498048 16.91177
3.684208 4.25689 -1.352089 16.09994
3.682024 4.246562 -1.323212 15.90209
3.677885 4.255274 -2.010472 12.88152
3.691846 4.255209 -1.54816 15.73098
3.686693 4.251971 -1.619066 16.14955
3.684505 4.247466 -1.659357 15.96034
3.684505 4.247466 -1.659357 15.96034
3.685332 4.236072 -1.042912 12.87006
3.657415 4.27534 -1.400605 14.3055
3.684648 4.266718 -1.542033 15.72121
3.666627 4.248593 -1.534121 17.6881
3.678563 4.249392 -1.60589 17.01532
3.682937 4.254789 -1.397875 16.41828
3.653693 4.230883 -1.308347 15.65914
3.655127 4.233624 -1.223714 15.36678
3.657963 4.226845 -1.32427 15.0159
3.648026 4.237622 -1.362402 16.62318
3.645926 4.236084 -1.634288 17.00551
3.650748 4.23238 -1.65741 16.33254
3.672066 4.249405 -1.610786 17.52669
3.672066 4.249405 -1.610786 17.52669
3.672066 4.249405 -1.610786 17.52669
3.660107 4.248125 -1.701367 17.80196
3.658951 4.244158 -1.654238 17.78783
3.648042 4.240874 -1.640268 17.51758
3.622847 4.232428 -1.422782 15.45578
3.607105 4.235366 -1.529853 13.78358
3.611511 4.244241 -1.482721 14.46806
3.634338 4.250021 -1.545069 16.59833
3.660672 4.245074 -1.840902 16.87408
3.660672 4.245074 -1.840902 16.87408
3.660635 4.240442 -1.639876 17.4445
3.664664 4.268128 -1.551199 15.87231
3.680954 4.267361 -1.403678 15.75531
3.654126 4.255618 -1.498942 17.3026
3.667404 4.250336 -1.570494 17.73787
3.667404 4.250336 -1.570494 17.73787
3.664017 4.240919 -1.599178 17.39569
3.668135 4.266619 -1.641632 15.93871
3.653652 4.252707 -1.567231 17.63846
3.639655 4.243233 -1.450741 17.00626
3.695691 4.249798 -1.497567 14.97203
3.687311 4.265001 -1.64085 15.36984
3.653056 4.245296 -1.712653 17.67886
3.653056 4.245296 -1.712653 17.67886
3.654084 4.238564 -1.809041 16.50041
3.652985 4.235785 -1.616212 17.03823
3.660898 4.230912 -1.537013 15.94349
3.65074 4.242423 -1.136127 15.05282
3.652415 4.240875 -1.436856 17.23352
3.641703 4.281359 -1.367731 12.05908
3.66566 4.257079 -1.855475 16.13769
3.663491 4.249932 -1.769455 17.45362
3.659221 4.254347 -1.528473 17.58706
3.649956 4.242048 -1.50408 17.5128
3.649655 4.250827 -1.571979 17.60589
3.668171 4.254454 -1.489124 17.43376
3.658435 4.249938 -1.797958 17.31097
3.664678 4.250883 -1.618113 17.83132
3.670643 4.247003 -1.784481 16.8767
3.660165 4.24032 -1.643066 17.4414
3.674255 4.244487 -1.650885 16.96632
3.65889 4.25321 -1.400047 17.13809
3.64477 4.240238 -1.409196 16.95012
3.652822 4.230676 -1.358951 15.8953
3.665537 4.250686 -1.471503 17.52142
3.677732 4.255382 -1.610606 17.10896
3.654155 4.245774 -1.833324 16.99618
3.643576 4.243598 -1.644421 17.43124
3.653066 4.234152 -1.668175 16.60615
3.645436 4.241278 -1.913244 15.4299
3.6576 4.249973 -1.523104 17.75125
3.64833 4.244536 -1.441965 17.31195
3.658767 4.252173 -1.528723 17.70244
3.658767 4.252173 -1.528723 17.70244
3.658689 4.254125 -1.775774 17.16112
3.648606 4.249851 -1.620655 17.61605
3.656068 4.252039 -1.873566 16.44419
3.654327 4.240075 -1.531109 17.49233
3.649363 4.237559 -1.637931 17.24031
3.666281 4.251678 -1.62789 17.77308
3.663583 4.257554 -1.645137 17.37836
3.657838 4.233017 -1.531542 16.51649
3.666239 4.251702 -1.484846 17.54314
3.656806 4.237787 -1.518393 17.22017
3.656243 4.245722 -1.051733 14.24951
3.668687 4.235464 -1.423132 16.16554
3.648779 4.25032 -1.911143 15.68452
3.665557 4.253667 -1.592713 17.7135
3.665366 4.257004 -1.490322 17.32434
3.662143 4.256563 -1.849994 16.27525
3.667887 4.258913 -1.620174 17.24643
3.666487 4.246909 -1.40819 17.17198
3.672256 4.253203 -1.540941 17.47201
3.643986 4.23813 -1.349791 16.51458
3.665552 4.246349 -1.644725 17.7299
3.646341 4.241491 -1.512038 17.42443
3.663166 4.262917 -1.751044 15.98273
3.697797 4.262604 -1.162886 13.97093
3.661602 4.268495 -0.6677325 9.128142
3.697272 4.275277 -1.098745 12.88157
3.674926 4.256166 -1.385705 16.73866
3.662382 4.25137 -1.44144 17.41709
3.646441 4.256589 -1.470504 16.79993
3.669445 4.253244 -1.445856 17.28155
3.664875 4.236271 -1.464889 16.61705
3.645649 4.241916 -1.755998 17.06191
3.629306 4.251045 -1.545966 16.01097
3.650019 4.241482 -1.414909 17.13538
3.674415 4.255529 -1.451223 17.07083
3.671822 4.253966 -1.488224 17.34504
3.653935 4.255481 -1.586393 17.43141
3.657751 4.243619 -1.42559 17.30412
3.649623 4.252013 -1.357637 16.75879
3.694551 4.247967 -1.310095 14.78597
3.672652 4.242162 -1.345643 16.32877
3.650287 4.235677 -1.47081 16.937
3.660561 4.226318 -1.535642 14.82808
3.661865 4.251886 -1.276324 16.35512
3.633431 4.244827 -1.521409 16.75517
3.652417 4.255928 -1.906 15.22023
3.656992 4.254327 -1.526638 17.5468
3.647472 4.238324 -1.256569 15.94696
3.64743 4.232869 -1.54361 16.67457
3.641545 4.238344 -1.668542 16.98638
3.648148 4.233974 -1.520533 16.82335
3.644899 4.23646 -1.643241 17.00343
3.640301 4.223846 -1.561564 14.77172
3.650066 4.228883 -1.545729 15.93066
3.655371 4.248953 -1.723168 17.68792
3.655371 4.248953 -1.723168 17.68792
3.662901 4.247093 -1.814757 17.13444
3.639074 4.231444 -1.284139 15.55165
3.598187 4.23333 -1.040761 12.10675
3.591945 4.257589 -1.081462 11.12404
3.608355 4.261399 -0.8011415 9.81623
3.626231 4.252889 -0.9789689 12.68208
3.60613 4.24502 -1.578461 13.11369
3.643468 4.231585 -1.600601 16.35082
3.657523 4.239806 -1.770809 16.92769
3.652928 4.241435 -1.665253 17.60505
3.647863 4.249943 -1.790975 16.90608
3.64396 4.230062 -1.570365 16.15017
3.642574 4.241907 -1.513688 17.30346
3.652994 4.233117 -1.539418 16.67421
3.643752 4.23441 -1.501567 16.79504
3.640421 4.239088 -1.439426 16.88711
3.657063 4.254526 -1.614898 17.61571
3.664362 4.257555 -1.669761 17.32246
3.685014 4.268756 -1.479502 15.48929
3.6811 4.252161 -1.464648 16.7701
3.686845 4.258894 -1.317685 15.71276
3.683168 4.263155 -1.332871 15.77901
3.677876 4.279424 -1.099296 12.91061
3.691703 4.279629 -0.8680283 10.79887
3.669322 4.259839 -0.7145218 9.993253
3.731034 4.250571 -0.9505365 9.077478
3.715053 4.247549 -0.998597 10.96368
3.700842 4.238652 -1.06469 12.02732
3.67151 4.249544 -1.127696 14.91927
3.657735 4.24251 -1.371626 16.96044
3.663539 4.251825 -1.607953 17.8239
3.673275 4.260258 -1.552492 17.01676
3.649301 4.269553 -1.647729 14.20863
3.668707 4.260903 -1.777941 16.20248
3.663869 4.258722 -1.096395 14.51151
3.646476 4.291264 -1.105623 10.55852
3.691693 4.301491 -1.264439 9.123448
3.684157 4.303364 -1.114145 9.287592
3.709636 4.290344 -1.089663 10.73824
3.686499 4.269254 -1.42749 15.3282
3.689153 4.261216 -1.393915 15.78401
3.683558 4.257258 -1.732771 15.94143
3.661213 4.247417 -1.710071 17.75389
3.642284 4.255137 -1.65612 16.59151
3.639636 4.250431 -1.586102 17.00655
3.665227 4.251741 -1.658742 17.76476
3.644823 4.235575 -1.695863 16.68637
3.64665 4.242785 -1.626441 17.58316
3.669176 4.244519 -1.573221 17.45166
3.652695 4.246509 -1.684714 17.76748
3.657301 4.244962 -1.693147 17.76547
3.643023 4.226255 -1.695466 14.56067
3.614781 4.224351 -1.533747 13.61277
3.631419 4.217466 -1.469577 13.39064
3.620017 4.248448 -1.522159 15.19355
3.635432 4.247652 -1.697481 16.46561
3.650271 4.234786 -1.54018 16.95042
3.64731 4.230684 -1.08437 14.00375
3.644506 4.233723 -1.443337 16.59977
3.642378 4.24436 -1.233961 15.80714
3.665695 4.245021 -1.578571 17.66353
3.645401 4.245144 -1.505774 17.45018
3.643562 4.251778 -1.428099 16.88753
3.667445 4.246788 -1.790667 17.06671
3.687064 4.255479 -1.468658 16.28956
3.674113 4.263514 -1.395843 16.32183
3.663098 4.251357 -1.366125 16.99768
3.675504 4.255895 -1.445672 16.99251
3.662857 4.243716 -1.557662 17.66054
3.656424 4.244362 -1.642849 17.82963
3.645897 4.223519 -1.670878 13.86908
3.667375 4.237054 -1.786894 15.53525
3.642746 4.233909 -1.68615 16.40507
3.642058 4.241486 -1.716893 17.03374
3.670499 4.260236 -1.462826 16.92599
3.677865 4.237889 -1.493836 15.84858
3.647184 4.23955 -0.7112502 9.999423
3.651241 4.238118 -1.47706 17.19206
3.645977 4.255779 -1.451969 16.80011
3.66715 4.262403 -1.552063 16.85687
3.663941 4.250414 -1.655915 17.82733
3.663941 4.250414 -1.655915 17.82733
3.645216 4.246809 -1.619469 17.5463
3.630682 4.24834 -1.597776 16.27916
3.663992 4.238242 -1.544052 17.05645
3.672042 4.243906 -1.539744 17.18669
3.687598 4.245059 -1.479815 15.6863
3.649814 4.22858 -1.080629 13.79472
3.63684 4.239148 -1.524168 16.92441
3.65476 4.256242 -1.507557 17.28968
3.672013 4.262747 -1.73443 16.13121
3.664041 4.261663 -1.338295 16.26611
3.665298 4.264702 -1.488952 16.47925
3.648966 4.255574 -1.149296 14.96732
3.673207 4.251215 -1.588868 17.48603
3.676828 4.24613 -1.394073 16.5925
3.664524 4.25172 -1.355123 16.90897
3.66208 4.26589 -1.567976 16.20994
3.629964 4.238207 -1.39229 16.15029
3.656683 4.239488 -1.484436 17.30414
3.656683 4.239488 -1.484436 17.30414
3.672976 4.2407 -1.635848 16.63171
3.675776 4.242185 -1.643624 16.52613
3.68367 4.244841 -1.560863 16.11062
3.673515 4.255838 -1.658825 17.2612
3.647965 4.258189 -1.49636 16.76351
3.669517 4.243401 -1.601402 17.33343
3.634188 4.232771 -1.595406 16.17188
3.641044 4.239916 -1.738715 16.74986
3.634395 4.239226 -1.723512 16.23584
3.676341 4.256361 -1.175303 15.19916
3.66333 4.272664 -1.147302 13.90592
3.682461 4.270759 -1.241616 14.66837
3.66259 4.273334 -1.23931 14.37604
3.641915 4.288019 -1.502213 8.985003
3.636754 4.260623 -1.258853 14.95306
3.66775 4.247579 -1.332264 16.69476
3.646864 4.248967 -1.682595 17.45464
3.671749 4.250664 -1.584994 17.56459
3.65063 4.245703 -1.59215 17.78326
3.667068 4.251709 -1.797508 17.11337
3.666562 4.252985 -1.907802 15.95488
3.676723 4.247028 -1.722444 16.64551
3.668965 4.244323 -1.624891 17.43498
3.684148 4.26123 -1.557868 16.33485
3.669344 4.269602 -1.057483 13.50083
3.674234 4.264589 -1.325015 15.88703
3.675121 4.252807 -1.536448 17.3257
3.657282 4.260434 -1.467872 16.83055
3.670562 4.250045 -1.614471 17.62239
3.712234 4.260631 -1.264811 13.02565
